0 info it worked if it ends with ok
1 verbose cli [ 'C:\\Program Files\\nodejs\\node.exe',
1 verbose cli   'C:\\Program Files\\nodejs\\node_modules\\npm\\bin\\npm-cli.js',
1 verbose cli   'install',
1 verbose cli   'git://github.com/saranya-dhayalan/package-demo/releases/tag/1.0.0' ]
2 info using npm@3.10.10
3 info using node@v6.11.0
4 silly loadCurrentTree Starting
5 silly install loadCurrentTree
6 silly install readLocalPackageData
7 silly fetchPackageMetaData git://github.com/saranya-dhayalan/package-demo/releases/tag/1.0.0
8 silly fetchOtherPackageData git://github.com/saranya-dhayalan/package-demo/releases/tag/1.0.0
9 silly cache add args [ 'git://github.com/saranya-dhayalan/package-demo/releases/tag/1.0.0',
9 silly cache add   null ]
10 verbose cache add spec git://github.com/saranya-dhayalan/package-demo/releases/tag/1.0.0
11 silly cache add parsed spec Result {
11 silly cache add   raw: 'git://github.com/saranya-dhayalan/package-demo/releases/tag/1.0.0',
11 silly cache add   scope: null,
11 silly cache add   escapedName: null,
11 silly cache add   name: null,
11 silly cache add   rawSpec: 'git://github.com/saranya-dhayalan/package-demo/releases/tag/1.0.0',
11 silly cache add   spec: 'git://github.com/saranya-dhayalan/package-demo/releases/tag/1.0.0',
11 silly cache add   type: 'git' }
12 verbose addRemoteGit caching git://github.com/saranya-dhayalan/package-demo/releases/tag/1.0.0
13 silly tryClone cloning git://github.com/saranya-dhayalan/package-demo/releases/tag/1.0.0 via git://github.com/saranya-dhayalan/package-demo/releases/tag/1.0.0
14 verbose tryClone git-github-com-saranya-dhayalan-package-demo-releases-tag-1-0-0-dc6be716 not in flight; caching
15 verbose correctMkdir C:\Users\saranya.dhayalan\AppData\Roaming\npm-cache\_git-remotes correctMkdir not in flight; initializing
16 info git [ 'clone',
16 info git   '--template=C:\\Users\\saranya.dhayalan\\AppData\\Roaming\\npm-cache\\_git-remotes\\_templates',
16 info git   '--mirror',
16 info git   'git://github.com/saranya-dhayalan/package-demo/releases/tag/1.0.0',
16 info git   'C:\\Users\\saranya.dhayalan\\AppData\\Roaming\\npm-cache\\_git-remotes\\git-github-com-saranya-dhayalan-package-demo-releases-tag-1-0-0-dc6be716' ]
17 error git clone --template=C:\Users\saranya.dhayalan\AppData\Roaming\npm-cache\_git-remotes\_templates --mirror git://github.com/saranya-dhayalan/package-demo/releases/tag/1.0.0 C:\Users\saranya.dhayalan\AppData\Roaming\npm-cache\_git-remotes\git-github-com-saranya-dhayalan-package-demo-releases-tag-1-0-0-dc6be716: Cloning into bare repository 'C:\Users\saranya.dhayalan\AppData\Roaming\npm-cache\_git-remotes\git-github-com-saranya-dhayalan-package-demo-releases-tag-1-0-0-dc6be716'...
17 error git clone --template=C:\Users\saranya.dhayalan\AppData\Roaming\npm-cache\_git-remotes\_templates --mirror git://github.com/saranya-dhayalan/package-demo/releases/tag/1.0.0 C:\Users\saranya.dhayalan\AppData\Roaming\npm-cache\_git-remotes\git-github-com-saranya-dhayalan-package-demo-releases-tag-1-0-0-dc6be716: fatal: remote error:
17 error git clone --template=C:\Users\saranya.dhayalan\AppData\Roaming\npm-cache\_git-remotes\_templates --mirror git://github.com/saranya-dhayalan/package-demo/releases/tag/1.0.0 C:\Users\saranya.dhayalan\AppData\Roaming\npm-cache\_git-remotes\git-github-com-saranya-dhayalan-package-demo-releases-tag-1-0-0-dc6be716:   saranya-dhayalan/package-demo/releases/tag/1.0.0 is not a valid repository name
17 error git clone --template=C:\Users\saranya.dhayalan\AppData\Roaming\npm-cache\_git-remotes\_templates --mirror git://github.com/saranya-dhayalan/package-demo/releases/tag/1.0.0 C:\Users\saranya.dhayalan\AppData\Roaming\npm-cache\_git-remotes\git-github-com-saranya-dhayalan-package-demo-releases-tag-1-0-0-dc6be716:   Email support@github.com for help
18 silly fetchPackageMetaData Error: Command failed: git -c core.longpaths=true clone --template=C:\Users\saranya.dhayalan\AppData\Roaming\npm-cache\_git-remotes\_templates --mirror git://github.com/saranya-dhayalan/package-demo/releases/tag/1.0.0 C:\Users\saranya.dhayalan\AppData\Roaming\npm-cache\_git-remotes\git-github-com-saranya-dhayalan-package-demo-releases-tag-1-0-0-dc6be716
18 silly fetchPackageMetaData Cloning into bare repository 'C:\Users\saranya.dhayalan\AppData\Roaming\npm-cache\_git-remotes\git-github-com-saranya-dhayalan-package-demo-releases-tag-1-0-0-dc6be716'...
18 silly fetchPackageMetaData fatal: remote error:
18 silly fetchPackageMetaData   saranya-dhayalan/package-demo/releases/tag/1.0.0 is not a valid repository name
18 silly fetchPackageMetaData   Email support@github.com for help
18 silly fetchPackageMetaData
18 silly fetchPackageMetaData     at ChildProcess.exithandler (child_process.js:204:12)
18 silly fetchPackageMetaData     at emitTwo (events.js:106:13)
18 silly fetchPackageMetaData     at ChildProcess.emit (events.js:191:7)
18 silly fetchPackageMetaData     at maybeClose (internal/child_process.js:891:16)
18 silly fetchPackageMetaData     at Socket.<anonymous> (internal/child_process.js:342:11)
18 silly fetchPackageMetaData     at emitOne (events.js:96:13)
18 silly fetchPackageMetaData     at Socket.emit (events.js:188:7)
18 silly fetchPackageMetaData     at Pipe._handle.close [as _onclose] (net.js:497:12)
18 silly fetchPackageMetaData  error for git://github.com/saranya-dhayalan/package-demo/releases/tag/1.0.0 { Error: Command failed: git -c core.longpaths=true clone --template=C:\Users\saranya.dhayalan\AppData\Roaming\npm-cache\_git-remotes\_templates --mirror git://github.com/saranya-dhayalan/package-demo/releases/tag/1.0.0 C:\Users\saranya.dhayalan\AppData\Roaming\npm-cache\_git-remotes\git-github-com-saranya-dhayalan-package-demo-releases-tag-1-0-0-dc6be716
18 silly fetchPackageMetaData Cloning into bare repository 'C:\Users\saranya.dhayalan\AppData\Roaming\npm-cache\_git-remotes\git-github-com-saranya-dhayalan-package-demo-releases-tag-1-0-0-dc6be716'...
18 silly fetchPackageMetaData fatal: remote error:
18 silly fetchPackageMetaData   saranya-dhayalan/package-demo/releases/tag/1.0.0 is not a valid repository name
18 silly fetchPackageMetaData   Email support@github.com for help
18 silly fetchPackageMetaData
18 silly fetchPackageMetaData     at ChildProcess.exithandler (child_process.js:204:12)
18 silly fetchPackageMetaData     at emitTwo (events.js:106:13)
18 silly fetchPackageMetaData     at ChildProcess.emit (events.js:191:7)
18 silly fetchPackageMetaData     at maybeClose (internal/child_process.js:891:16)
18 silly fetchPackageMetaData     at Socket.<anonymous> (internal/child_process.js:342:11)
18 silly fetchPackageMetaData     at emitOne (events.js:96:13)
18 silly fetchPackageMetaData     at Socket.emit (events.js:188:7)
18 silly fetchPackageMetaData     at Pipe._handle.close [as _onclose] (net.js:497:12)
18 silly fetchPackageMetaData   killed: false,
18 silly fetchPackageMetaData   code: 128,
18 silly fetchPackageMetaData   signal: null,
18 silly fetchPackageMetaData   cmd: 'git -c core.longpaths=true clone --template=C:\\Users\\saranya.dhayalan\\AppData\\Roaming\\npm-cache\\_git-remotes\\_templates --mirror git://github.com/saranya-dhayalan/package-demo/releases/tag/1.0.0 C:\\Users\\saranya.dhayalan\\AppData\\Roaming\\npm-cache\\_git-remotes\\git-github-com-saranya-dhayalan-package-demo-releases-tag-1-0-0-dc6be716' }
19 silly rollbackFailedOptional Starting
20 silly rollbackFailedOptional Finishing
21 silly runTopLevelLifecycles Finishing
22 silly install printInstalled
23 verbose stack Error: Command failed: git -c core.longpaths=true clone --template=C:\Users\saranya.dhayalan\AppData\Roaming\npm-cache\_git-remotes\_templates --mirror git://github.com/saranya-dhayalan/package-demo/releases/tag/1.0.0 C:\Users\saranya.dhayalan\AppData\Roaming\npm-cache\_git-remotes\git-github-com-saranya-dhayalan-package-demo-releases-tag-1-0-0-dc6be716
23 verbose stack Cloning into bare repository 'C:\Users\saranya.dhayalan\AppData\Roaming\npm-cache\_git-remotes\git-github-com-saranya-dhayalan-package-demo-releases-tag-1-0-0-dc6be716'...
23 verbose stack fatal: remote error:
23 verbose stack   saranya-dhayalan/package-demo/releases/tag/1.0.0 is not a valid repository name
23 verbose stack   Email support@github.com for help
23 verbose stack
23 verbose stack     at ChildProcess.exithandler (child_process.js:204:12)
23 verbose stack     at emitTwo (events.js:106:13)
23 verbose stack     at ChildProcess.emit (events.js:191:7)
23 verbose stack     at maybeClose (internal/child_process.js:891:16)
23 verbose stack     at Socket.<anonymous> (internal/child_process.js:342:11)
23 verbose stack     at emitOne (events.js:96:13)
23 verbose stack     at Socket.emit (events.js:188:7)
23 verbose stack     at Pipe._handle.close [as _onclose] (net.js:497:12)
24 verbose cwd C:\Users\saranya.dhayalan\Desktop\package\package-demo
25 error Windows_NT 10.0.15063
26 error argv "C:\\Program Files\\nodejs\\node.exe" "C:\\Program Files\\nodejs\\node_modules\\npm\\bin\\npm-cli.js" "install" "git://github.com/saranya-dhayalan/package-demo/releases/tag/1.0.0"
27 error node v6.11.0
28 error npm  v3.10.10
29 error code 128
30 error Command failed: git -c core.longpaths=true clone --template=C:\Users\saranya.dhayalan\AppData\Roaming\npm-cache\_git-remotes\_templates --mirror git://github.com/saranya-dhayalan/package-demo/releases/tag/1.0.0 C:\Users\saranya.dhayalan\AppData\Roaming\npm-cache\_git-remotes\git-github-com-saranya-dhayalan-package-demo-releases-tag-1-0-0-dc6be716
30 error Cloning into bare repository 'C:\Users\saranya.dhayalan\AppData\Roaming\npm-cache\_git-remotes\git-github-com-saranya-dhayalan-package-demo-releases-tag-1-0-0-dc6be716'...
30 error fatal: remote error:
30 error   saranya-dhayalan/package-demo/releases/tag/1.0.0 is not a valid repository name
30 error   Email support@github.com for help
31 error If you need help, you may report this error at:
31 error     <https://github.com/npm/npm/issues>
32 verbose exit [ 1, true ]
